<?xml version="1.0" encoding="UTF-8"?>
<!-- Generated by org.testng.reporters.JUnitXMLReporter -->
<testsuite ignored="0" hostname="DESKTOP-4SS5V58" failures="0" tests="3" name="Default test" time="51.227" errors="0" timestamp="2025-07-07T14:35:13 IST">
  <testcase classname="com.mystore.testcases.AccountCreationTest" name="accountCreation" time="10.419"/>
  <testcase classname="com.mystore.testcases.AccountCreationTest" name="accountCreation" time="10.007"/>
  <testcase classname="com.mystore.testcases.AccountCreationTest" name="accountCreation" time="9.903"/>
</testsuite> <!-- Default test -->
