<?xml version="1.0" encoding="UTF-8"?>
<!-- Generated by org.testng.reporters.JUnitXMLReporter -->
<testsuite ignored="0" hostname="DESKTOP-4SS5V58" failures="0" tests="16" name="Test" time="286.723" errors="0" timestamp="2025-07-10T19:50:49 IST">
  <testcase classname="com.mystore.testcases.LoginTest" name="loginTest" time="5.878"/>
  <testcase classname="com.mystore.testcases.HomePageTest" name="myPersonalInfoPageTest" time="4.873"/>
  <testcase classname="com.mystore.testcases.SearchPageTest" name="searchProducts" time="9.805"/>
  <testcase classname="com.mystore.testcases.IndexPageTest" name="verifyLogo" time="0.062"/>
  <testcase classname="com.mystore.testcases.IndexPageTest" name="verifyTitle" time="0.015"/>
  <testcase classname="com.mystore.testcases.AddToCartTest" name="verifyAddToCart" time="12.188"/>
  <testcase classname="com.mystore.testcases.OrderPageTest" name="verifyOrderPage" time="15.611"/>
  <testcase classname="com.mystore.testcases.ConfirmOrderTest" name="confirmOrder" time="15.894"/>
  <testcase classname="com.mystore.testcases.PaymentTest" name="paymentTest" time="24.256"/>
  <testcase classname="com.mystore.testcases.AccountCreationTest" name="accountCreation" time="13.038"/>
  <testcase classname="com.mystore.testcases.AccountCreationTest" name="accountCreation" time="12.978"/>
  <testcase classname="com.mystore.testcases.AccountCreationTest" name="accountCreation" time="13.453"/>
  <testcase classname="com.mystore.testcases.IncorrectLoginTest" name="incorrectloginTest" time="7.563"/>
  <testcase classname="com.mystore.testcases.IncorrectLoginTest" name="incorrectloginTest" time="3.936"/>
  <testcase classname="com.mystore.testcases.IncorrectLoginTest" name="incorrectloginTest" time="3.2"/>
  <testcase classname="com.mystore.testcases.IncorrectLoginTest" name="incorrectloginTest" time="2.716"/>
</testsuite> <!-- Test -->
