<?xml version="1.0" encoding="UTF-8"?>
<!-- Generated by org.testng.reporters.JUnitXMLReporter -->
<testsuite ignored="0" hostname="DESKTOP-4SS5V58" failures="0" tests="5" name="Sanity Test" time="60.373" errors="0" timestamp="2025-07-10T20:00:33 IST">
  <testcase classname="com.mystore.testcases.LoginTest" name="loginTest" time="4.846"/>
  <testcase classname="com.mystore.testcases.HomePageTest" name="myPersonalInfoPageTest" time="3.674"/>
  <testcase classname="com.mystore.testcases.IndexPageTest" name="verifyLogo" time="0.052"/>
  <testcase classname="com.mystore.testcases.IndexPageTest" name="verifyTitle" time="0.012"/>
  <testcase classname="com.mystore.testcases.SearchPageTest" name="searchProducts" time="8.675"/>
</testsuite> <!-- Sanity Test -->
