<?xml version="1.0" encoding="UTF-8"?>
<!-- Generated by org.testng.reporters.JUnitXMLReporter -->
<testsuite ignored="3" hostname="DESKTOP-4SS5V58" failures="0" tests="5" name="Sanity Test Chrome broswer" time="43.732" errors="0" timestamp="2025-07-08T12:12:58 IST">
  <testcase classname="com.mystore.testcases.LoginTest" name="loginTest" time="3.107"/>
  <testcase classname="com.mystore.testcases.HomePageTest" name="myPersonalInfoPageTest" time="3.195"/>
  <testcase classname="com.mystore.testcases.IndexPageTest" name="verifyLogo" time="0.068"/>
  <testcase classname="com.mystore.testcases.IndexPageTest" name="verifyTitle" time="0.014"/>
  <testcase classname="com.mystore.testcases.SearchPageTest" name="searchProducts" time="6.769"/>
  <testcase classname="com.mystore.base.BaseClass" name="@BeforeSuite loadConfig" time="0.0">
    <ignored/>
  </testcase> <!-- @BeforeSuite loadConfig -->
  <testcase classname="com.mystore.base.BaseClass" name="@BeforeSuite loadConfig" time="0.0">
    <ignored/>
  </testcase> <!-- @BeforeSuite loadConfig -->
  <testcase classname="com.mystore.base.BaseClass" name="@BeforeSuite loadConfig" time="0.0">
    <ignored/>
  </testcase> <!-- @BeforeSuite loadConfig -->
</testsuite> <!-- Sanity Test Chrome broswer -->
