<?xml version="1.0" encoding="UTF-8"?>
<testng-results ignored="0" total="1" passed="1" failed="0" skipped="0">
  <reporter-output>
  </reporter-output>
  <suite started-at="2025-06-25T20:17:20 IST" name="Default suite" finished-at="2025-06-25T20:17:43 IST" duration-ms="23685">
    <groups>
    </groups>
    <test started-at="2025-06-25T20:17:20 IST" name="Default test" finished-at="2025-06-25T20:17:43 IST" duration-ms="23685">
      <class name="com.mystore.testcases.HomePageTest">
        <test-method is-config="true" signature="loadConfig()[pri:0, instance:com.mystore.testcases.HomePageTest@68567e20]" started-at="2025-06-25T20:17:20 IST" name="loadConfig" finished-at="2025-06-25T20:17:20 IST" duration-ms="11" status="PASS">
          <reporter-output>
          </reporter-output>
        </test-method> <!-- loadConfig -->
        <test-method is-config="true" signature="setup()[pri:0, instance:com.mystore.testcases.HomePageTest@68567e20]" started-at="2025-06-25T20:17:20 IST" name="setup" finished-at="2025-06-25T20:17:38 IST" duration-ms="18337" status="PASS">
          <reporter-output>
          </reporter-output>
        </test-method> <!-- setup -->
        <test-method signature="myPersonalInfoPageTest()[pri:0, instance:com.mystore.testcases.HomePageTest@68567e20]" started-at="2025-06-25T20:17:38 IST" name="myPersonalInfoPageTest" finished-at="2025-06-25T20:17:42 IST" duration-ms="3959" status="PASS">
          <reporter-output>
          </reporter-output>
        </test-method> <!-- myPersonalInfoPageTest -->
        <test-method is-config="true" signature="tearDown()[pri:0, instance:com.mystore.testcases.HomePageTest@68567e20]" started-at="2025-06-25T20:17:42 IST" name="tearDown" finished-at="2025-06-25T20:17:43 IST" duration-ms="1331" status="PASS">
          <reporter-output>
          </reporter-output>
        </test-method> <!-- tearDown -->
      </class> <!-- com.mystore.testcases.HomePageTest -->
    </test> <!-- Default test -->
  </suite> <!-- Default suite -->
</testng-results>
